<?xml version="1.0" encoding="UTF-8"?>
<!-- Generated by org.testng.reporters.JUnitXMLReporter -->
<testsuite hostname="DESKTOP-RUD9UKL" ignored="0" name="Default test" tests="3" failures="0" timestamp="16 May 2023 15:57:38 GMT" time="149.978" errors="0">
  <testcase name="ihgLogin" time="56.937" classname="com.ng.LoginHRMWorkingWithExcel"/>
  <testcase name="ihgLogin" time="43.607" classname="com.ng.LoginHRMWorkingWithExcel"/>
  <testcase name="ihgLogin" time="45.721" classname="com.ng.LoginHRMWorkingWithExcel"/>
</testsuite> <!-- Default test -->
