<?xml version="1.0" encoding="UTF-8"?>
<!-- Generated by org.testng.reporters.JUnitXMLReporter -->
<testsuite hostname="DESKTOP-RUD9UKL" ignored="2" name="Test" tests="1" failures="0" timestamp="11 May 2023 15:48:02 GMT" time="46.13" errors="0">
  <testcase name="hrm" time="46.017" classname="com.grp.OrangeHRMTest"/>
  <testcase name="fb" time="0.0" classname="com.grp.FacebookTest">
    <ignored/>
  </testcase> <!-- fb -->
  <testcase name="ihg" time="0.0" classname="com.grp.DropDownTest">
    <ignored/>
  </testcase> <!-- ihg -->
</testsuite> <!-- Test -->
