<?xml version="1.0" encoding="UTF-8"?>
<testng-results skipped="0" failed="0" ignored="0" total="3" passed="3">
  <reporter-output>
  </reporter-output>
  <suite name="Default suite" duration-ms="149978" started-at="2023-05-16T15:55:05Z" finished-at="2023-05-16T15:57:35Z">
    <groups>
    </groups>
    <test name="Default test" duration-ms="149978" started-at="2023-05-16T15:55:05Z" finished-at="2023-05-16T15:57:35Z">
      <class name="com.ng.LoginHRMWorkingWithExcel">
        <test-method status="PASS" signature="ihgLogin(java.lang.String, java.lang.String)[pri:0, instance:com.ng.LoginHRMWorkingWithExcel@66a3ffec]" name="ihgLogin" duration-ms="56937" started-at="2023-05-16T15:55:09Z" data-provider="delhi" finished-at="2023-05-16T15:56:06Z">
          <params>
            <param index="0">
              <value>
                <![CDATA[Admin]]>
              </value>
            </param>
            <param index="1">
              <value>
                <![CDATA[admin123]]>
              </value>
            </param>
          </params>
          <reporter-output>
          </reporter-output>
        </test-method> <!-- ihgLogin -->
        <test-method status="PASS" signature="ihgLogin(java.lang.String, java.lang.String)[pri:0, instance:com.ng.LoginHRMWorkingWithExcel@66a3ffec]" name="ihgLogin" duration-ms="43607" started-at="2023-05-16T15:56:06Z" data-provider="delhi" finished-at="2023-05-16T15:56:49Z">
          <params>
            <param index="0">
              <value>
                <![CDATA[rama]]>
              </value>
            </param>
            <param index="1">
              <value>
                <![CDATA[krishna]]>
              </value>
            </param>
          </params>
          <reporter-output>
          </reporter-output>
        </test-method> <!-- ihgLogin -->
        <test-method status="PASS" signature="ihgLogin(java.lang.String, java.lang.String)[pri:0, instance:com.ng.LoginHRMWorkingWithExcel@66a3ffec]" name="ihgLogin" duration-ms="45721" started-at="2023-05-16T15:56:49Z" data-provider="delhi" finished-at="2023-05-16T15:57:35Z">
          <params>
            <param index="0">
              <value>
                <![CDATA[lavanya]]>
              </value>
            </param>
            <param index="1">
              <value>
                <![CDATA[anuradha]]>
              </value>
            </param>
          </params>
          <reporter-output>
          </reporter-output>
        </test-method> <!-- ihgLogin -->
      </class> <!-- com.ng.LoginHRMWorkingWithExcel -->
    </test> <!-- Default test -->
  </suite> <!-- Default suite -->
</testng-results>
